# JRE version: OpenJDK Runtime Environment Temurin-17.0.7+7 (17.0.7+7) (build 17.0.7+7)
# Java VM: OpenJDK 64-Bit Server VM Temurin-17.0.7+7 (17.0.7+7, mixed mode, emulated-client, tiered, compressed oops, compressed class ptrs, g1 gc, windows-amd64)
GC Precious Log:
 CPUs: 4 total, 4 available
 Memory: 8107M
 Large Page Support: Disabled
 NUMA Support: Disabled
 Compressed Oops: Enabled (32-bit)
 Heap Region Size: 1M
 Heap Min Capacity: 8M
 Heap Initial Capacity: 128M
 Heap Max Capacity: 2028M
 Pre-touch: Disabled
 Parallel Workers: 4
 Concurrent Workers: 1
 Concurrent Refinement Workers: 4
 Periodic GC: Disabled
Heap:
 garbage-first heap   total 68608K, used 53360K [0x0000000081400000, 0x0000000100000000)
  region size 1024K, 21 young (21504K), 3 survivors (3072K)
 Metaspace       used 73984K, committed 74560K, reserved 1114112K
  class space    used 10407K, committed 10688K, reserved 1048576K
GC Heap History (20 events):
Event: 5.690 GC heap before
{Heap before GC invocations=11 (full 0):
 garbage-first heap   total 68608K, used 18487K [0x0000000081400000, 0x0000000100000000)
  region size 1024K, 5 young (5120K), 4 survivors (4096K)
 Metaspace       used 35907K, committed 36288K, reserved 1114112K
  class space    used 4586K, committed 4736K, reserved 1048576K
}
Event: 5.695 GC heap after
{Heap after GC invocations=12 (full 0):
 garbage-first heap   total 68608K, used 18734K [0x0000000081400000, 0x0000000100000000)
  region size 1024K, 3 young (3072K), 3 survivors (3072K)
 Metaspace       used 35907K, committed 36288K, reserved 1114112K
  class space    used 4586K, committed 4736K, reserved 1048576K
}
Event: 6.495 GC heap before
{Heap before GC invocations=13 (full 0):
 garbage-first heap   total 68608K, used 50478K [0x0000000081400000, 0x0000000100000000)
  region size 1024K, 35 young (35840K), 3 survivors (3072K)
 Metaspace       used 40367K, committed 40832K, reserved 1114112K
  class space    used 5238K, committed 5440K, reserved 1048576K
}
Event: 6.502 GC heap after
{Heap after GC invocations=14 (full 0):
 garbage-first heap   total 68608K, used 21193K [0x0000000081400000, 0x0000000100000000)
  region size 1024K, 5 young (5120K), 5 survivors (5120K)
 Metaspace       used 40367K, committed 40832K, reserved 1114112K
  class space    used 5238K, committed 5440K, reserved 1048576K
}
Event: 7.936 GC heap before
{Heap before GC invocations=14 (full 0):
 garbage-first heap   total 68608K, used 52937K [0x0000000081400000, 0x0000000100000000)
  region size 1024K, 36 young (36864K), 5 survivors (5120K)
 Metaspace       used 47777K, committed 48256K, reserved 1114112K
  class space    used 6292K, committed 6528K, reserved 1048576K
}
Event: 7.945 GC heap after
{Heap after GC invocations=15 (full 0):
 garbage-first heap   total 68608K, used 23240K [0x0000000081400000, 0x0000000100000000)
  region size 1024K, 5 young (5120K), 5 survivors (5120K)
 Metaspace       used 47777K, committed 48256K, reserved 1114112K
  class space    used 6292K, committed 6528K, reserved 1048576K
}
Event: 8.929 GC heap before
{Heap before GC invocations=15 (full 0):
 garbage-first heap   total 68608K, used 52936K [0x0000000081400000, 0x0000000100000000)
  region size 1024K, 34 young (34816K), 5 survivors (5120K)
 Metaspace       used 54593K, committed 55104K, reserved 1114112K
  class space    used 7217K, committed 7488K, reserved 1048576K
}
Event: 8.938 GC heap after
{Heap after GC invocations=16 (full 0):
 garbage-first heap   total 68608K, used 25956K [0x0000000081400000, 0x0000000100000000)
  region size 1024K, 5 young (5120K), 5 survivors (5120K)
 Metaspace       used 54593K, committed 55104K, reserved 1114112K
  class space    used 7217K, committed 7488K, reserved 1048576K
}
Event: 9.586 GC heap before
{Heap before GC invocations=16 (full 0):
 garbage-first heap   total 68608K, used 46436K [0x0000000081400000, 0x0000000100000000)
  region size 1024K, 26 young (26624K), 5 survivors (5120K)
 Metaspace       used 60199K, committed 60736K, reserved 1114112K
  class space    used 8108K, committed 8320K, reserved 1048576K
}
Event: 9.593 GC heap after
{Heap after GC invocations=17 (full 0):
 garbage-first heap   total 68608K, used 26838K [0x0000000081400000, 0x0000000100000000)
  region size 1024K, 2 young (2048K), 2 survivors (2048K)
 Metaspace       used 60199K, committed 60736K, reserved 1114112K
  class space    used 8108K, committed 8320K, reserved 1048576K
}
Event: 10.239 GC heap before
{Heap before GC invocations=18 (full 0):
 garbage-first heap   total 68608K, used 54486K [0x0000000081400000, 0x0000000100000000)
  region size 1024K, 29 young (29696K), 2 survivors (2048K)
 Metaspace       used 63392K, committed 64000K, reserved 1114112K
  class space    used 8685K, committed 8960K, reserved 1048576K
}
Event: 10.242 GC heap after
{Heap after GC invocations=19 (full 0):
 garbage-first heap   total 68608K, used 27287K [0x0000000081400000, 0x0000000100000000)
  region size 1024K, 2 young (2048K), 2 survivors (2048K)
 Metaspace       used 63392K, committed 64000K, reserved 1114112K
  class space    used 8685K, committed 8960K, reserved 1048576K
}
Event: 12.223 GC heap before
{Heap before GC invocations=19 (full 0):
 garbage-first heap   total 68608K, used 55959K [0x0000000081400000, 0x0000000100000000)
  region size 1024K, 30 young (30720K), 2 survivors (2048K)
 Metaspace       used 68218K, committed 68864K, reserved 1114112K
  class space    used 9371K, committed 9664K, reserved 1048576K
}
Event: 12.231 GC heap after
{Heap after GC invocations=20 (full 0):
 garbage-first heap   total 68608K, used 29789K [0x0000000081400000, 0x0000000100000000)
  region size 1024K, 4 young (4096K), 4 survivors (4096K)
 Metaspace       used 68218K, committed 68864K, reserved 1114112K
  class space    used 9371K, committed 9664K, reserved 1048576K
}
Event: 12.821 GC heap before
{Heap before GC invocations=20 (full 0):
 garbage-first heap   total 68608K, used 54365K [0x0000000081400000, 0x0000000100000000)
  region size 1024K, 28 young (28672K), 4 survivors (4096K)
 Metaspace       used 71791K, committed 72320K, reserved 1114112K
  class space    used 10107K, committed 10368K, reserved 1048576K
}
Event: 12.832 GC heap after
{Heap after GC invocations=21 (full 0):
 garbage-first heap   total 68608K, used 32475K [0x0000000081400000, 0x0000000100000000)
  region size 1024K, 3 young (3072K), 3 survivors (3072K)
 Metaspace       used 71791K, committed 72320K, reserved 1114112K
  class space    used 10107K, committed 10368K, reserved 1048576K
}
Event: 13.071 GC heap before
{Heap before GC invocations=21 (full 0):
 garbage-first heap   total 68608K, used 52955K [0x0000000081400000, 0x0000000100000000)
  region size 1024K, 24 young (24576K), 3 survivors (3072K)
 Metaspace       used 73580K, committed 74176K, reserved 1114112K
  class space    used 10353K, committed 10624K, reserved 1048576K
}
Event: 13.076 GC heap after
{Heap after GC invocations=22 (full 0):
 garbage-first heap   total 68608K, used 33160K [0x0000000081400000, 0x0000000100000000)
  region size 1024K, 1 young (1024K), 1 survivors (1024K)
 Metaspace       used 73580K, committed 74176K, reserved 1114112K
  class space    used 10353K, committed 10624K, reserved 1048576K
}
Event: 13.190 GC heap before
{Heap before GC invocations=22 (full 0):
 garbage-first heap   total 68608K, used 55688K [0x0000000081400000, 0x0000000100000000)
  region size 1024K, 23 young (23552K), 1 survivors (1024K)
 Metaspace       used 73971K, committed 74560K, reserved 1114112K
  class space    used 10406K, committed 10688K, reserved 1048576K
}
Event: 13.196 GC heap after
{Heap after GC invocations=23 (full 0):
 garbage-first heap   total 68608K, used 35952K [0x0000000081400000, 0x0000000100000000)
  region size 1024K, 3 young (3072K), 3 survivors (3072K)
 Metaspace       used 73971K, committed 74560K, reserved 1114112K
  class space    used 10406K, committed 10688K, reserved 1048576K
}

