# JRE version: OpenJDK Runtime Environment Temurin-17.0.7+7 (17.0.7+7) (build 17.0.7+7)
# Java VM: OpenJDK 64-Bit Server VM Temurin-17.0.7+7 (17.0.7+7, mixed mode, emulated-client, tiered, compressed oops, compressed class ptrs, g1 gc, windows-amd64)
GC Precious Log:
 CPUs: 4 total, 4 available
 Memory: 8107M
 Large Page Support: Disabled
 NUMA Support: Disabled
 Compressed Oops: Enabled (32-bit)
 Heap Region Size: 1M
 Heap Min Capacity: 8M
 Heap Initial Capacity: 128M
 Heap Max Capacity: 2028M
 Pre-touch: Disabled
 Parallel Workers: 4
 Concurrent Workers: 1
 Concurrent Refinement Workers: 4
 Periodic GC: Disabled
Heap:
 garbage-first heap   total 112640K, used 44666K [0x0000000081400000, 0x0000000100000000)
  region size 1024K, 7 young (7168K), 6 survivors (6144K)
 Metaspace       used 87827K, committed 88576K, reserved 1179648K
  class space    used 12436K, committed 12864K, reserved 1048576K
GC Heap History (20 events):
Event: 6263.215 GC heap before
{Heap before GC invocations=90 (full 3):
 garbage-first heap   total 112640K, used 96715K [0x0000000081400000, 0x0000000100000000)
  region size 1024K, 51 young (52224K), 1 survivors (1024K)
 Metaspace       used 88061K, committed 88896K, reserved 1179648K
  class space    used 12488K, committed 12928K, reserved 1048576K
}
Event: 6263.216 GC heap after
{Heap after GC invocations=91 (full 3):
 garbage-first heap   total 112640K, used 46371K [0x0000000081400000, 0x0000000100000000)
  region size 1024K, 1 young (1024K), 1 survivors (1024K)
 Metaspace       used 88061K, committed 88896K, reserved 1179648K
  class space    used 12488K, committed 12928K, reserved 1048576K
}
Event: 6507.466 GC heap before
{Heap before GC invocations=91 (full 3):
 garbage-first heap   total 112640K, used 98595K [0x0000000081400000, 0x0000000100000000)
  region size 1024K, 52 young (53248K), 1 survivors (1024K)
 Metaspace       used 88064K, committed 88896K, reserved 1179648K
  class space    used 12489K, committed 12928K, reserved 1048576K
}
Event: 6507.520 GC heap after
{Heap after GC invocations=92 (full 3):
 garbage-first heap   total 112640K, used 46355K [0x0000000081400000, 0x0000000100000000)
  region size 1024K, 1 young (1024K), 1 survivors (1024K)
 Metaspace       used 88064K, committed 88896K, reserved 1179648K
  class space    used 12489K, committed 12928K, reserved 1048576K
}
Event: 6759.943 GC heap before
{Heap before GC invocations=92 (full 3):
 garbage-first heap   total 112640K, used 98579K [0x0000000081400000, 0x0000000100000000)
  region size 1024K, 52 young (53248K), 1 survivors (1024K)
 Metaspace       used 88064K, committed 88896K, reserved 1179648K
  class space    used 12489K, committed 12928K, reserved 1048576K
}
Event: 6759.981 GC heap after
{Heap after GC invocations=93 (full 3):
 garbage-first heap   total 112640K, used 46304K [0x0000000081400000, 0x0000000100000000)
  region size 1024K, 1 young (1024K), 1 survivors (1024K)
 Metaspace       used 88064K, committed 88896K, reserved 1179648K
  class space    used 12489K, committed 12928K, reserved 1048576K
}
Event: 7026.975 GC heap before
{Heap before GC invocations=93 (full 3):
 garbage-first heap   total 112640K, used 98528K [0x0000000081400000, 0x0000000100000000)
  region size 1024K, 52 young (53248K), 1 survivors (1024K)
 Metaspace       used 88064K, committed 88896K, reserved 1179648K
  class space    used 12489K, committed 12928K, reserved 1048576K
}
Event: 7027.038 GC heap after
{Heap after GC invocations=94 (full 3):
 garbage-first heap   total 112640K, used 46274K [0x0000000081400000, 0x0000000100000000)
  region size 1024K, 1 young (1024K), 1 survivors (1024K)
 Metaspace       used 88064K, committed 88896K, reserved 1179648K
  class space    used 12489K, committed 12928K, reserved 1048576K
}
Event: 7295.594 GC heap before
{Heap before GC invocations=94 (full 3):
 garbage-first heap   total 112640K, used 98498K [0x0000000081400000, 0x0000000100000000)
  region size 1024K, 52 young (53248K), 1 survivors (1024K)
 Metaspace       used 88064K, committed 88896K, reserved 1179648K
  class space    used 12489K, committed 12928K, reserved 1048576K
}
Event: 7295.612 GC heap after
{Heap after GC invocations=95 (full 3):
 garbage-first heap   total 112640K, used 46287K [0x0000000081400000, 0x0000000100000000)
  region size 1024K, 1 young (1024K), 1 survivors (1024K)
 Metaspace       used 88064K, committed 88896K, reserved 1179648K
  class space    used 12489K, committed 12928K, reserved 1048576K
}
Event: 7565.407 GC heap before
{Heap before GC invocations=95 (full 3):
 garbage-first heap   total 112640K, used 97487K [0x0000000081400000, 0x0000000100000000)
  region size 1024K, 52 young (53248K), 1 survivors (1024K)
 Metaspace       used 88064K, committed 88896K, reserved 1179648K
  class space    used 12489K, committed 12928K, reserved 1048576K
}
Event: 7565.409 GC heap after
{Heap after GC invocations=96 (full 3):
 garbage-first heap   total 112640K, used 46320K [0x0000000081400000, 0x0000000100000000)
  region size 1024K, 1 young (1024K), 1 survivors (1024K)
 Metaspace       used 88064K, committed 88896K, reserved 1179648K
  class space    used 12489K, committed 12928K, reserved 1048576K
}
Event: 7662.042 GC heap before
{Heap before GC invocations=96 (full 3):
 garbage-first heap   total 112640K, used 64752K [0x0000000081400000, 0x0000000100000000)
  region size 1024K, 21 young (21504K), 1 survivors (1024K)
 Metaspace       used 88067K, committed 88896K, reserved 1179648K
  class space    used 12489K, committed 12928K, reserved 1048576K
}
Event: 7674.953 GC heap after
{Heap after GC invocations=97 (full 4):
 garbage-first heap   total 112640K, used 32666K [0x0000000081400000, 0x0000000100000000)
  region size 1024K, 0 young (0K), 0 survivors (0K)
 Metaspace       used 86869K, committed 88256K, reserved 1179648K
  class space    used 12337K, committed 12864K, reserved 1048576K
}
Event: 7688.744 GC heap before
{Heap before GC invocations=97 (full 4):
 garbage-first heap   total 112640K, used 98202K [0x0000000081400000, 0x0000000100000000)
  region size 1024K, 65 young (66560K), 0 survivors (0K)
 Metaspace       used 87186K, committed 88256K, reserved 1179648K
  class space    used 12378K, committed 12864K, reserved 1048576K
}
Event: 7688.874 GC heap after
{Heap after GC invocations=98 (full 4):
 garbage-first heap   total 112640K, used 38966K [0x0000000081400000, 0x0000000100000000)
  region size 1024K, 7 young (7168K), 7 survivors (7168K)
 Metaspace       used 87186K, committed 88256K, reserved 1179648K
  class space    used 12378K, committed 12864K, reserved 1048576K
}
Event: 7690.749 GC heap before
{Heap before GC invocations=98 (full 4):
 garbage-first heap   total 112640K, used 92214K [0x0000000081400000, 0x0000000100000000)
  region size 1024K, 59 young (60416K), 7 survivors (7168K)
 Metaspace       used 87608K, committed 88384K, reserved 1179648K
  class space    used 12414K, committed 12864K, reserved 1048576K
}
Event: 7690.890 GC heap after
{Heap after GC invocations=99 (full 4):
 garbage-first heap   total 112640K, used 41821K [0x0000000081400000, 0x0000000100000000)
  region size 1024K, 4 young (4096K), 4 survivors (4096K)
 Metaspace       used 87608K, committed 88384K, reserved 1179648K
  class space    used 12414K, committed 12864K, reserved 1048576K
}
Event: 7698.614 GC heap before
{Heap before GC invocations=99 (full 4):
 garbage-first heap   total 112640K, used 91997K [0x0000000081400000, 0x0000000100000000)
  region size 1024K, 53 young (54272K), 4 survivors (4096K)
 Metaspace       used 87824K, committed 88576K, reserved 1179648K
  class space    used 12435K, committed 12864K, reserved 1048576K
}
Event: 7698.633 GC heap after
{Heap after GC invocations=100 (full 4):
 garbage-first heap   total 112640K, used 44666K [0x0000000081400000, 0x0000000100000000)
  region size 1024K, 6 young (6144K), 6 survivors (6144K)
 Metaspace       used 87824K, committed 88576K, reserved 1179648K
  class space    used 12435K, committed 12864K, reserved 1048576K
}

