# JRE version: OpenJDK Runtime Environment Temurin-17.0.7+7 (17.0.7+7) (build 17.0.7+7)
# Java VM: OpenJDK 64-Bit Server VM Temurin-17.0.7+7 (17.0.7+7, mixed mode, tiered, compressed oops, compressed class ptrs, g1 gc, windows-amd64)
GC Precious Log:
 CPUs: 4 total, 4 available
 Memory: 8107M
 Large Page Support: Disabled
 NUMA Support: Disabled
 Compressed Oops: Enabled (32-bit)
 Heap Region Size: 1M
 Heap Min Capacity: 8M
 Heap Initial Capacity: 128M
 Heap Max Capacity: 2028M
 Pre-touch: Disabled
 Parallel Workers: 4
 Concurrent Workers: 1
 Concurrent Refinement Workers: 4
 Periodic GC: Disabled
Heap:
 garbage-first heap   total 139264K, used 56629K [0x0000000081400000, 0x0000000100000000)
  region size 1024K, 14 young (14336K), 7 survivors (7168K)
 Metaspace       used 86006K, committed 86592K, reserved 1179648K
  class space    used 11555K, committed 11840K, reserved 1048576K
GC Heap History (20 events):
Event: 10.901 GC heap before
{Heap before GC invocations=14 (full 0):
 garbage-first heap   total 45056K, used 33366K [0x0000000081400000, 0x0000000100000000)
  region size 1024K, 15 young (15360K), 1 survivors (1024K)
 Metaspace       used 39976K, committed 40320K, reserved 1114112K
  class space    used 4969K, committed 5120K, reserved 1048576K
}
Event: 10.909 GC heap after
{Heap after GC invocations=15 (full 0):
 garbage-first heap   total 90112K, used 20308K [0x0000000081400000, 0x0000000100000000)
  region size 1024K, 2 young (2048K), 2 survivors (2048K)
 Metaspace       used 39976K, committed 40320K, reserved 1114112K
  class space    used 4969K, committed 5120K, reserved 1048576K
}
Event: 15.431 GC heap before
{Heap before GC invocations=15 (full 0):
 garbage-first heap   total 90112K, used 69460K [0x0000000081400000, 0x0000000100000000)
  region size 1024K, 50 young (51200K), 2 survivors (2048K)
 Metaspace       used 54494K, committed 54912K, reserved 1114112K
  class space    used 6896K, committed 7104K, reserved 1048576K
}
Event: 15.444 GC heap after
{Heap after GC invocations=16 (full 0):
 garbage-first heap   total 90112K, used 23890K [0x0000000081400000, 0x0000000100000000)
  region size 1024K, 6 young (6144K), 6 survivors (6144K)
 Metaspace       used 54494K, committed 54912K, reserved 1114112K
  class space    used 6896K, committed 7104K, reserved 1048576K
}
Event: 16.555 GC heap before
{Heap before GC invocations=16 (full 0):
 garbage-first heap   total 90112K, used 52562K [0x0000000081400000, 0x0000000100000000)
  region size 1024K, 35 young (35840K), 6 survivors (6144K)
 Metaspace       used 60001K, committed 60416K, reserved 1114112K
  class space    used 7600K, committed 7808K, reserved 1048576K
}
Event: 16.566 GC heap after
{Heap after GC invocations=17 (full 0):
 garbage-first heap   total 90112K, used 25357K [0x0000000081400000, 0x0000000100000000)
  region size 1024K, 5 young (5120K), 5 survivors (5120K)
 Metaspace       used 60001K, committed 60416K, reserved 1114112K
  class space    used 7600K, committed 7808K, reserved 1048576K
}
Event: 17.926 GC heap before
{Heap before GC invocations=18 (full 0):
 garbage-first heap   total 89088K, used 70413K [0x0000000081400000, 0x0000000100000000)
  region size 1024K, 49 young (50176K), 5 survivors (5120K)
 Metaspace       used 68569K, committed 69056K, reserved 1114112K
  class space    used 8974K, committed 9216K, reserved 1048576K
}
Event: 17.939 GC heap after
{Heap after GC invocations=19 (full 0):
 garbage-first heap   total 89088K, used 27329K [0x0000000081400000, 0x0000000100000000)
  region size 1024K, 4 young (4096K), 4 survivors (4096K)
 Metaspace       used 68569K, committed 69056K, reserved 1114112K
  class space    used 8974K, committed 9216K, reserved 1048576K
}
Event: 17.986 GC heap before
{Heap before GC invocations=19 (full 0):
 garbage-first heap   total 89088K, used 28353K [0x0000000081400000, 0x0000000100000000)
  region size 1024K, 5 young (5120K), 4 survivors (4096K)
 Metaspace       used 68800K, committed 69248K, reserved 1114112K
  class space    used 9013K, committed 9216K, reserved 1048576K
}
Event: 17.994 GC heap after
{Heap after GC invocations=20 (full 0):
 garbage-first heap   total 89088K, used 27565K [0x0000000081400000, 0x0000000100000000)
  region size 1024K, 1 young (1024K), 1 survivors (1024K)
 Metaspace       used 68800K, committed 69248K, reserved 1114112K
  class space    used 9013K, committed 9216K, reserved 1048576K
}
Event: 32.662 GC heap before
{Heap before GC invocations=20 (full 0):
 garbage-first heap   total 89088K, used 70573K [0x0000000081400000, 0x0000000100000000)
  region size 1024K, 43 young (44032K), 1 survivors (1024K)
 Metaspace       used 75445K, committed 75968K, reserved 1179648K
  class space    used 9952K, committed 10240K, reserved 1048576K
}
Event: 32.682 GC heap after
{Heap after GC invocations=21 (full 0):
 garbage-first heap   total 89088K, used 30901K [0x0000000081400000, 0x0000000100000000)
  region size 1024K, 4 young (4096K), 4 survivors (4096K)
 Metaspace       used 75445K, committed 75968K, reserved 1179648K
  class space    used 9952K, committed 10240K, reserved 1048576K
}
Event: 33.781 GC heap before
{Heap before GC invocations=21 (full 0):
 garbage-first heap   total 89088K, used 69813K [0x0000000081400000, 0x0000000100000000)
  region size 1024K, 43 young (44032K), 4 survivors (4096K)
 Metaspace       used 79358K, committed 79872K, reserved 1179648K
  class space    used 10605K, committed 10880K, reserved 1048576K
}
Event: 33.797 GC heap after
{Heap after GC invocations=22 (full 0):
 garbage-first heap   total 89088K, used 32768K [0x0000000081400000, 0x0000000100000000)
  region size 1024K, 2 young (2048K), 2 survivors (2048K)
 Metaspace       used 79358K, committed 79872K, reserved 1179648K
  class space    used 10605K, committed 10880K, reserved 1048576K
}
Event: 34.113 GC heap before
{Heap before GC invocations=22 (full 0):
 garbage-first heap   total 89088K, used 71680K [0x0000000081400000, 0x0000000100000000)
  region size 1024K, 40 young (40960K), 2 survivors (2048K)
 Metaspace       used 79456K, committed 80000K, reserved 1179648K
  class space    used 10610K, committed 10880K, reserved 1048576K
}
Event: 34.125 GC heap after
{Heap after GC invocations=23 (full 0):
 garbage-first heap   total 89088K, used 34429K [0x0000000081400000, 0x0000000100000000)
  region size 1024K, 4 young (4096K), 4 survivors (4096K)
 Metaspace       used 79456K, committed 80000K, reserved 1179648K
  class space    used 10610K, committed 10880K, reserved 1048576K
}
Event: 34.281 GC heap before
{Heap before GC invocations=23 (full 0):
 garbage-first heap   total 89088K, used 72317K [0x0000000081400000, 0x0000000100000000)
  region size 1024K, 41 young (41984K), 4 survivors (4096K)
 Metaspace       used 79469K, committed 80000K, reserved 1179648K
  class space    used 10610K, committed 10880K, reserved 1048576K
}
Event: 34.311 GC heap after
{Heap after GC invocations=24 (full 0):
 garbage-first heap   total 139264K, used 43600K [0x0000000081400000, 0x0000000100000000)
  region size 1024K, 6 young (6144K), 6 survivors (6144K)
 Metaspace       used 79469K, committed 80000K, reserved 1179648K
  class space    used 10610K, committed 10880K, reserved 1048576K
}
Event: 35.285 GC heap before
{Heap before GC invocations=24 (full 0):
 garbage-first heap   total 139264K, used 107088K [0x0000000081400000, 0x0000000100000000)
  region size 1024K, 68 young (69632K), 6 survivors (6144K)
 Metaspace       used 79848K, committed 80384K, reserved 1179648K
  class space    used 10667K, committed 10944K, reserved 1048576K
}
Event: 35.301 GC heap after
{Heap after GC invocations=25 (full 0):
 garbage-first heap   total 139264K, used 47779K [0x0000000081400000, 0x0000000100000000)
  region size 1024K, 4 young (4096K), 4 survivors (4096K)
 Metaspace       used 79848K, committed 80384K, reserved 1179648K
  class space    used 10667K, committed 10944K, reserved 1048576K
}

