# JRE version: OpenJDK Runtime Environment Temurin-17.0.7+7 (17.0.7+7) (build 17.0.7+7)
# Java VM: OpenJDK 64-Bit Server VM Temurin-17.0.7+7 (17.0.7+7, mixed mode, emulated-client, tiered, compressed oops, compressed class ptrs, g1 gc, windows-amd64)
GC Precious Log:
 CPUs: 4 total, 4 available
 Memory: 8107M
 Large Page Support: Disabled
 NUMA Support: Disabled
 Compressed Oops: Enabled (32-bit)
 Heap Region Size: 1M
 Heap Min Capacity: 8M
 Heap Initial Capacity: 128M
 Heap Max Capacity: 2028M
 Pre-touch: Disabled
 Parallel Workers: 4
 Concurrent Workers: 1
 Concurrent Refinement Workers: 4
 Periodic GC: Disabled
Heap:
 garbage-first heap   total 49152K, used 29975K [0x0000000081400000, 0x0000000100000000)
  region size 1024K, 11 young (11264K), 2 survivors (2048K)
 Metaspace       used 42598K, committed 43072K, reserved 1114112K
  class space    used 5543K, committed 5760K, reserved 1048576K
GC Heap History (20 events):
Event: 2.740 GC heap before
{Heap before GC invocations=3 (full 0):
 garbage-first heap   total 131072K, used 18605K [0x0000000081400000, 0x0000000100000000)
  region size 1024K, 12 young (12288K), 3 survivors (3072K)
 Metaspace       used 21217K, committed 21504K, reserved 1114112K
  class space    used 2580K, committed 2752K, reserved 1048576K
}
Event: 2.744 GC heap after
{Heap after GC invocations=4 (full 0):
 garbage-first heap   total 131072K, used 11010K [0x0000000081400000, 0x0000000100000000)
  region size 1024K, 3 young (3072K), 3 survivors (3072K)
 Metaspace       used 21217K, committed 21504K, reserved 1114112K
  class space    used 2580K, committed 2752K, reserved 1048576K
}
Event: 3.067 GC heap before
{Heap before GC invocations=5 (full 0):
 garbage-first heap   total 40960K, used 30466K [0x0000000081400000, 0x0000000100000000)
  region size 1024K, 24 young (24576K), 3 survivors (3072K)
 Metaspace       used 26745K, committed 27008K, reserved 1114112K
  class space    used 3215K, committed 3328K, reserved 1048576K
}
Event: 3.074 GC heap after
{Heap after GC invocations=6 (full 0):
 garbage-first heap   total 40960K, used 12164K [0x0000000081400000, 0x0000000100000000)
  region size 1024K, 5 young (5120K), 5 survivors (5120K)
 Metaspace       used 26745K, committed 27008K, reserved 1114112K
  class space    used 3215K, committed 3328K, reserved 1048576K
}
Event: 17.960 GC heap before
{Heap before GC invocations=6 (full 0):
 garbage-first heap   total 40960K, used 26500K [0x0000000081400000, 0x0000000100000000)
  region size 1024K, 20 young (20480K), 5 survivors (5120K)
 Metaspace       used 29549K, committed 29888K, reserved 1114112K
  class space    used 3640K, committed 3840K, reserved 1048576K
}
Event: 17.970 GC heap after
{Heap after GC invocations=7 (full 0):
 garbage-first heap   total 40960K, used 13822K [0x0000000081400000, 0x0000000100000000)
  region size 1024K, 3 young (3072K), 3 survivors (3072K)
 Metaspace       used 29549K, committed 29888K, reserved 1114112K
  class space    used 3640K, committed 3840K, reserved 1048576K
}
Event: 20.725 GC heap before
{Heap before GC invocations=7 (full 0):
 garbage-first heap   total 40960K, used 28158K [0x0000000081400000, 0x0000000100000000)
  region size 1024K, 18 young (18432K), 3 survivors (3072K)
 Metaspace       used 30829K, committed 31104K, reserved 1114112K
  class space    used 3814K, committed 3968K, reserved 1048576K
}
Event: 20.730 GC heap after
{Heap after GC invocations=8 (full 0):
 garbage-first heap   total 40960K, used 15420K [0x0000000081400000, 0x0000000100000000)
  region size 1024K, 2 young (2048K), 2 survivors (2048K)
 Metaspace       used 30829K, committed 31104K, reserved 1114112K
  class space    used 3814K, committed 3968K, reserved 1048576K
}
Event: 21.660 GC heap before
{Heap before GC invocations=8 (full 0):
 garbage-first heap   total 40960K, used 28732K [0x0000000081400000, 0x0000000100000000)
  region size 1024K, 15 young (15360K), 2 survivors (2048K)
 Metaspace       used 31380K, committed 31680K, reserved 1114112K
  class space    used 3902K, committed 4096K, reserved 1048576K
}
Event: 21.664 GC heap after
{Heap after GC invocations=9 (full 0):
 garbage-first heap   total 40960K, used 16258K [0x0000000081400000, 0x0000000100000000)
  region size 1024K, 1 young (1024K), 1 survivors (1024K)
 Metaspace       used 31380K, committed 31680K, reserved 1114112K
  class space    used 3902K, committed 4096K, reserved 1048576K
}
Event: 22.068 GC heap before
{Heap before GC invocations=9 (full 0):
 garbage-first heap   total 40960K, used 29570K [0x0000000081400000, 0x0000000100000000)
  region size 1024K, 14 young (14336K), 1 survivors (1024K)
 Metaspace       used 33258K, committed 33664K, reserved 1114112K
  class space    used 4165K, committed 4352K, reserved 1048576K
}
Event: 22.071 GC heap after
{Heap after GC invocations=10 (full 0):
 garbage-first heap   total 40960K, used 17098K [0x0000000081400000, 0x0000000100000000)
  region size 1024K, 2 young (2048K), 2 survivors (2048K)
 Metaspace       used 33258K, committed 33664K, reserved 1114112K
  class space    used 4165K, committed 4352K, reserved 1048576K
}
Event: 22.443 GC heap before
{Heap before GC invocations=10 (full 0):
 garbage-first heap   total 40960K, used 30410K [0x0000000081400000, 0x0000000100000000)
  region size 1024K, 15 young (15360K), 2 survivors (2048K)
 Metaspace       used 34387K, committed 34752K, reserved 1114112K
  class space    used 4357K, committed 4544K, reserved 1048576K
}
Event: 22.448 GC heap after
{Heap after GC invocations=11 (full 0):
 garbage-first heap   total 40960K, used 18131K [0x0000000081400000, 0x0000000100000000)
  region size 1024K, 2 young (2048K), 2 survivors (2048K)
 Metaspace       used 34387K, committed 34752K, reserved 1114112K
  class space    used 4357K, committed 4544K, reserved 1048576K
}
Event: 22.676 GC heap before
{Heap before GC invocations=11 (full 0):
 garbage-first heap   total 40960K, used 25299K [0x0000000081400000, 0x0000000100000000)
  region size 1024K, 10 young (10240K), 2 survivors (2048K)
 Metaspace       used 35735K, committed 36096K, reserved 1114112K
  class space    used 4554K, committed 4736K, reserved 1048576K
}
Event: 22.681 GC heap after
{Heap after GC invocations=12 (full 0):
 garbage-first heap   total 49152K, used 18705K [0x0000000081400000, 0x0000000100000000)
  region size 1024K, 2 young (2048K), 2 survivors (2048K)
 Metaspace       used 35735K, committed 36096K, reserved 1114112K
  class space    used 4554K, committed 4736K, reserved 1048576K
}
Event: 26.095 GC heap before
{Heap before GC invocations=13 (full 0):
 garbage-first heap   total 49152K, used 38161K [0x0000000081400000, 0x0000000100000000)
  region size 1024K, 21 young (21504K), 2 survivors (2048K)
 Metaspace       used 38820K, committed 39296K, reserved 1114112K
  class space    used 5035K, committed 5248K, reserved 1048576K
}
Event: 26.100 GC heap after
{Heap after GC invocations=14 (full 0):
 garbage-first heap   total 49152K, used 20797K [0x0000000081400000, 0x0000000100000000)
  region size 1024K, 3 young (3072K), 3 survivors (3072K)
 Metaspace       used 38820K, committed 39296K, reserved 1114112K
  class space    used 5035K, committed 5248K, reserved 1048576K
}
Event: 27.537 GC heap before
{Heap before GC invocations=14 (full 0):
 garbage-first heap   total 49152K, used 38205K [0x0000000081400000, 0x0000000100000000)
  region size 1024K, 20 young (20480K), 3 survivors (3072K)
 Metaspace       used 40569K, committed 41088K, reserved 1114112K
  class space    used 5275K, committed 5504K, reserved 1048576K
}
Event: 27.544 GC heap after
{Heap after GC invocations=15 (full 0):
 garbage-first heap   total 49152K, used 21783K [0x0000000081400000, 0x0000000100000000)
  region size 1024K, 2 young (2048K), 2 survivors (2048K)
 Metaspace       used 40569K, committed 41088K, reserved 1114112K
  class space    used 5275K, committed 5504K, reserved 1048576K
}

